


ARM Macro Assembler    Page 1 


    1 00000000                 AREA             datos,DATA,READWRITE 
                                                            ; area de datos
    2 00000000 00000005 
                       fila    EQU              5
    3 00000000 00000007 
                       col     EQU              7
    4 00000000 6E 6B 6F 
              6E 67 76 
              66 6B 6F 
              62 63 66 
              65 71 70 
              62 6A 75 
              66 63 78 
              78 66 72 
              65 77 6F 
              6D 6E 6B 
              67 79 74 
              76 64    mat     DCB              "nkongvfkobcfeqpbjufcxxfrewomnk
gytvd"
    5 00000023 00000001 
                       k       EQU              1
    6 00000023         
    7 00000023                 AREA             codigo,CODE,READONLY 
                                                            ; area de codigo
    8 00000000                 ENTRY
    9 00000000         
   10 00000000 E59F3078        LDR              r3,=mat     ;r3=@mat
   11 00000004 E3A0A001        mov              r10,#1
   12 00000008 E3A09005        mov              r9,#fila
   13 0000000C E3A08007        mov              r8,#col
   14 00000010         
   15 00000010 E3A01000        mov              r1,#0       ;r1 = i
   16 00000014 E2811001 
                       for1    add              r1,r1,#k    ;r1=r1+1
   17 00000018 E1590001        cmp              r9,r1       ;condiciones y crea
                                                            ción bucle
   18 0000001C 9A000012        bls              cols
   19 00000020         
   20 00000020         
   21 00000020 E1A02009        mov              r2,r9       ;r2=j
   22 00000024 E2422001 
                       for2    sub              r2,r2,#k    ;r2=j-1
   23 00000028 E1510002        cmp              r1,r2       ;condiciones y crea
                                                            ción bucle
   24 0000002C 8AFFFFF8        bhi              for1
   25 00000030         
   26 00000030 E0040892        mul              r4,r2,r8
   27 00000034 E084400A        add              r4,r4,r10
   28 00000038 E2444001        sub              r4,r4,#1
   29 0000003C E0844003        add              r4,r4,r3    ;r4=@T[j]
   30 00000040         
   31 00000040 E0070892        mul              r7,r2,r8
   32 00000044 E087700A        add              r7,r7,r10
   33 00000048 E2477008        sub              r7,r7,#8
   34 0000004C E0877003        add              r7,r7,r3    ;r4=@T[j-1]
   35 00000050         
   36 00000050 E5D75000        ldrb             r5,[r7]     ;r5=T[j-1]
   37 00000054 E5D46000        ldrb             r6,[r4]     ;r6=T[j]
   38 00000058         



ARM Macro Assembler    Page 2 


   39 00000058 E1550006        cmp              r5,r6       ; if(T[j-1] > T[j])
                                                             then intercambio
   40 0000005C 9AFFFFF0        bls              for2
   41 00000060 E5C76000        strb             r6,[r7]
   42 00000064 E5C45000        strb             r5,[r4]
   43 00000068         
   44 00000068 EAFFFFED        b                for2
   45 0000006C         
   46 0000006C E3A01000 
                       cols    mov              r1,#0
   47 00000070 E35A0007        cmp              r10,#col
   48 00000074 E28AA001        add              r10,r10,#k
   49 00000078 1AFFFFE5        bne              for1
   50 0000007C         
   51 0000007C EAFFFFFE 
                       fin     b                fin
   52 00000080         
   53 00000080                 END
              00000000 
Command Line: --debug --xref --apcs=interwork --depend=practica3.d -opractica3.
o -I"C:\Program Files\ARM\INC" -I"C:\Program Files\ARM\INC\Philips" --predefine
="__EVAL SETA 1" --list=practica3.lst practica3.s



ARM Macro Assembler    Page 1 Alphabetic symbol ordering
Relocatable symbols

datos 00000000

Symbol: datos
   Definitions
      At line 1 in file practica3.s
   Uses
      None
Comment: datos unused
mat 00000000

Symbol: mat
   Definitions
      At line 4 in file practica3.s
   Uses
      At line 10 in file practica3.s
Comment: mat used once
2 symbols



ARM Macro Assembler    Page 1 Alphabetic symbol ordering
Relocatable symbols

codigo 00000000

Symbol: codigo
   Definitions
      At line 7 in file practica3.s
   Uses
      None
Comment: codigo unused
cols 0000006C

Symbol: cols
   Definitions
      At line 46 in file practica3.s
   Uses
      At line 18 in file practica3.s
Comment: cols used once
fin 0000007C

Symbol: fin
   Definitions
      At line 51 in file practica3.s
   Uses
      At line 51 in file practica3.s
Comment: fin used once
for1 00000014

Symbol: for1
   Definitions
      At line 16 in file practica3.s
   Uses
      At line 24 in file practica3.s
      At line 49 in file practica3.s

for2 00000024

Symbol: for2
   Definitions
      At line 22 in file practica3.s
   Uses
      At line 40 in file practica3.s
      At line 44 in file practica3.s

5 symbols



ARM Macro Assembler    Page 1 Alphabetic symbol ordering
Absolute symbols

col 00000007

Symbol: col
   Definitions
      At line 3 in file practica3.s
   Uses
      At line 13 in file practica3.s
      At line 47 in file practica3.s

fila 00000005

Symbol: fila
   Definitions
      At line 2 in file practica3.s
   Uses
      At line 12 in file practica3.s
Comment: fila used once
k 00000001

Symbol: k
   Definitions
      At line 5 in file practica3.s
   Uses
      At line 16 in file practica3.s
      At line 22 in file practica3.s
      At line 48 in file practica3.s

3 symbols
336 symbols in table
