


ARM Macro Assembler    Page 1 


    1 00000000                 AREA             codigo,CODE,READONLY 
                                                            ; area de codigo
    2 00000000                 EXPORT           ordena
    3 00000000         ordena                               ; SBR que ordena un
                                                            a tabla de enteros 
                                                            de 32 bits. Paramet
                                                            ros:
    4 00000000         ; r0 = @ de comienzo de la tabla a ordenar (tabla por re
                       ferencia)
    5 00000000         ; r1 = Numero de elementos de la tabla (N por valor)  
    6 00000000         
    7 00000000 E52DE004        PUSH             {lr}        ; apilo @retorno
    8 00000004 E52DB004        PUSH             {r11}       ; apilo r11
    9 00000008 E1A0B00D        mov              fp, sp
   10 0000000C         
   11 0000000C E92D0003        PUSH             {r0,r1}
   12 00000010         
   13 00000010 E59B0008        ldr              r0,[fp,#8]  ; r0=@T
   14 00000014 E59B100C        ldr              r1,[fp,#12] ; r2 = N 
   15 00000018 E2411001        sub              r1,r1,#1    ; N-1
   16 0000001C E0801101        add              r1,r0,r1,LSL#2 ; r1=@T[N-1]
   17 00000020         
   18 00000020 EB000002        bl               qsort
   19 00000024         
   20 00000024 E8BD0003        POP              {r0,r1}
   21 00000028 E49DB004        POP              {r11}
   22 0000002C E49DF004        POP              {pc}
   23 00000030         
   24 00000030         
   25 00000030         qsort                                ; SBR que ordena un
                                                            a tabla de enteros 
                                                            de 32 bits a través
                                                             del método quickso
                                                            rt. Parametros:
   26 00000030         ; iz = limite inferior de @ de comienzo de la tabla a or
                       denar (tabla por referencia)
   27 00000030         ; de = limite supeiror de @ de comienzo de la tabla a or
                       denar (tabla por referencia) 
   28 00000030         
   29 00000030 E52DE004        PUSH             {lr}        ; apilo @retorno
   30 00000034 E52DB004        PUSH             {r11}       ; apilo r11
   31 00000038 E1A0B00D        mov              fp,sp       ; creo fp
   32 0000003C         
   33 0000003C E92D00FF        PUSH             {r0-r7}     ; apilo registros u
                                                            tilizados durante l
                                                            a SBR
   34 00000040         
   35 00000040 E59B0008        ldr              r0,[fp,#8]  ; r0= @T[iz]
   36 00000044 E59B200C        ldr              r2,[fp,#12] ; r2 = @T[N-1] = @T
                                                            [de]
   37 00000048 E1A01000        mov              r1,r0       ; r1= @T[i]
   38 0000004C E1A03002        mov              r3,r2       ; r2 = @T[de] = r3 
                                                            = @T[j]
   39 00000050         
   40 00000050 E3A07000        mov              r7,#0
   41 00000054 E0824000        add              r4,r2,r0    ; r3 = iz+de
   42 00000058 E08740A3        add              r4,r7,r3,LSR#1 ; r3 = (iz+de)/2
                                                            
   43 0000005C E5934000        ldr              r4,[r3]     ; r4 = T[(iz+de)/2]



ARM Macro Assembler    Page 2 


                                                             = x
   44 00000060         
   45 00000060         buc_do
   46 00000060 E5915000 
                       while1  ldr              r5,[r1]     ; r5 = T[i]
   47 00000064 E1540005        cmp              r4,r5       ; T[i]<x 
   48 00000068 9A000001        bls              while2
   49 0000006C E2811004        add              r1,r1,#4    ; i=i+1
   50 00000070 EAFFFFFA        b                while1
   51 00000074         
   52 00000074 E5935000 
                       while2  ldr              r5,[r3]     ; r5 = T[j]
   53 00000078 E1550004        cmp              r5,r4       ; x<T[j]
   54 0000007C 9A000001        bls              if1
   55 00000080 E2433004        sub              r3,r3,#4    ; j=j-1
   56 00000084 EAFFFFFA        b                while2
   57 00000088         
   58 00000088 E1510003 
                       if1     cmp              r1,r3
   59 0000008C 8A000005        bhi              do_whi
   60 00000090         
   61 00000090 E5915000        ldr              r5,[r1]     ; r5 = T[i] = w
   62 00000094 E5936000        ldr              r6,[r3]     ; r6 = T[j]
   63 00000098 E5816000        str              r6,[r1]     ; T[i] = T[j]
   64 0000009C E5835000        str              r5,[r3]     ; T[j] = w
   65 000000A0         
   66 000000A0 E2811004        add              r1,r1,#4    ; i=i+1
   67 000000A4 E2433004        sub              r3,r3,#4    ; j=j-1
   68 000000A8         
   69 000000A8 E1510003 
                       do_whi  cmp              r1,r3       ; i<=j
   70 000000AC 9AFFFFEB        bls              buc_do
   71 000000B0         
   72 000000B0 E1530000 
                       if2     cmp              r3,r0       ; iz<j
   73 000000B4 9A000002        bls              if3
   74 000000B8 E92D0009        PUSH             {r0,r3}     ; almaceno los pará
                                                            metros para la recu
                                                            rsividad --> qsort(
                                                            iz,j)
   75 000000BC EBFFFFDB        bl               qsort
   76 000000C0 E8BD0009        POP              {r0,r3}
   77 000000C4         
   78 000000C4 E1520001 
                       if3     cmp              r2,r1       ; i<de
   79 000000C8 9A000002        bls              fin_sb
   80 000000CC E92D0006        PUSH             {r1,r2}     ; almaceno los pará
                                                            metros para la recu
                                                            rsividad --> qsort(
                                                            i,de)
   81 000000D0 EBFFFFD6        bl               qsort
   82 000000D4 E8BD0006        POP              {r1,r2}
   83 000000D8         
   84 000000D8 E8BD00FF 
                       fin_sb  POP              {r0-r7}     ;recupero los datos
                                                             originales de los 
                                                            registros del PP
   85 000000DC E49DB004        POP              {r11}       ;destruyo fp
   86 000000E0 E49DF004        POP              {pc}        ;retorno



ARM Macro Assembler    Page 3 


   87 000000E4         
   88 000000E4                 END
Command Line: --debug --xref --apcs=interwork --depend=ordena.d -oordena.o -I"C
:\Program Files\ARM\INC" -I"C:\Program Files\ARM\INC\Philips" --predefine="__EV
AL SETA 1" --list=ordena.lst ordena.s



ARM Macro Assembler    Page 1 Alphabetic symbol ordering
Relocatable symbols

buc_do 00000060

Symbol: buc_do
   Definitions
      At line 45 in file ordena.s
   Uses
      At line 70 in file ordena.s
Comment: buc_do used once
codigo 00000000

Symbol: codigo
   Definitions
      At line 1 in file ordena.s
   Uses
      None
Comment: codigo unused
do_whi 000000A8

Symbol: do_whi
   Definitions
      At line 69 in file ordena.s
   Uses
      At line 59 in file ordena.s
Comment: do_whi used once
fin_sb 000000D8

Symbol: fin_sb
   Definitions
      At line 84 in file ordena.s
   Uses
      At line 79 in file ordena.s
Comment: fin_sb used once
if1 00000088

Symbol: if1
   Definitions
      At line 58 in file ordena.s
   Uses
      At line 54 in file ordena.s
Comment: if1 used once
if2 000000B0

Symbol: if2
   Definitions
      At line 72 in file ordena.s
   Uses
      None
Comment: if2 unused
if3 000000C4

Symbol: if3
   Definitions
      At line 78 in file ordena.s
   Uses
      At line 73 in file ordena.s
Comment: if3 used once
ordena 00000000

Symbol: ordena



ARM Macro Assembler    Page 2 Alphabetic symbol ordering
Relocatable symbols

   Definitions
      At line 3 in file ordena.s
   Uses
      At line 2 in file ordena.s
Comment: ordena used once
qsort 00000030

Symbol: qsort
   Definitions
      At line 25 in file ordena.s
   Uses
      At line 18 in file ordena.s
      At line 75 in file ordena.s
      At line 81 in file ordena.s

while1 00000060

Symbol: while1
   Definitions
      At line 46 in file ordena.s
   Uses
      At line 50 in file ordena.s
Comment: while1 used once
while2 00000074

Symbol: while2
   Definitions
      At line 52 in file ordena.s
   Uses
      At line 48 in file ordena.s
      At line 56 in file ordena.s

11 symbols
335 symbols in table
