


ARM Macro Assembler    Page 1 


    1 00000000                 AREA             datos,DATA,READWRITE 
                                                            ; area de datos
    2 00000000 0000000B 
                       N       EQU              11
    3 00000000 00000001 
              00000004 
              00000008 
              00000006 
              00000009 
              FFFFFFF9 
              00000003 
              00000005 
              00000002 
              00000000 
              00000006 T       DCD              1,4,8,6,9,-7,3,5,2,0,6
    4 0000002C 00000000 
                       stotal  DCD              0
    5 00000030         
    6 00000030                 AREA             codigo,CODE,READONLY 
                                                            ; area de codigo
    7 00000000                 ENTRY
    8 00000000         
    9 00000000 E59F0060        LDR              r0,=T       ; r0 = @T
   10 00000004 E3A0100B        mov              r1,#N       ; r1 = N  
   11 00000008         
   12 00000008 E24DD004        sub              sp,sp,#4    ; espacio resultado
                                                            s
   13 0000000C E92D0003        PUSH             {r0,r1}     ; Apilo los parámet
                                                            ros para la subruti
                                                            na
   14 00000010         
   15 00000010 EB000004        bl               suma        ; llamo a la subrut
                                                            ina
   16 00000014         
   17 00000014 E28DD008        add              sp,sp,#8    ; libero los paráme
                                                            tros
   18 00000018 E49D1004        POP{r1}                      ; recupero el resul
                                                            tado de la subrutin
                                                            a suma en r1
   19 0000001C         
   20 0000001C E59F0048        LDR              r0,=stotal  ; r0=@stotal
   21 00000020 E5801000        str              r1,[r0]     ; Mem[@stotal] = r1
                                                             = resultado
   22 00000024         
   23 00000024 EAFFFFFE 
                       fin     b                fin
   24 00000028         
   25 00000028         
   26 00000028         suma                                 ;Inicio de la subru
                                                            tina que suma los e
                                                            lementos de una tab
                                                            la T de N numeros e
                                                            nteros de 32 bits
   27 00000028         ;Guarda en la pila dos parámetros y un resultado:
   28 00000028         ;Parámetros--> 1. Dirección de comienzo de la tabla (por
                        referencia)
   29 00000028         ;         2. Número de elementos de la tabla (por valor)
                       
   30 00000028         ;La subrutina devuelve como resultado la suma de los ele



ARM Macro Assembler    Page 2 


                       mentos de la tabla.
   31 00000028         
   32 00000028 E52DE004        PUSH             {lr}        ;apilo @retorno
   33 0000002C E52DB004        PUSH             {r11}       ;apilo r11
   34 00000030 E1A0B00D        mov              fp,sp       ;creo fp
   35 00000034         
   36 00000034 E92D000F        PUSH             {r0-r3}     ;apilo registros ut
                                                            ilizados durante la
                                                             SBR
   37 00000038 E3A00000        mov              r0,#0       ;r0=0
   38 0000003C E59B2008        ldr              r2,[fp,#8]  ;r2=N
   39 00000040 E59B100C        ldr              r1,[fp,#12] ;r1=@T
   40 00000044         
   41 00000044 E4923004 
                       buc     ldr              r3,[r2],#4  ; r3=Mem[r2], r2=r2
                                                            +4
   42 00000048 E0800003        add              r0,r0,r3
   43 0000004C E2411001        sub              r1,r1,#1
   44 00000050 E3510000        cmp              r1,#0
   45 00000054 1AFFFFFA        bne              buc
   46 00000058         
   47 00000058 E58B0010        str              r0,[fp,#16] ;guardo el resultad
                                                            o en su hueco reser
                                                            vado en la pila
   48 0000005C E8BD000F        POP              {r0-r3}     ;recupero los datos
                                                             originales de los 
                                                            registros del PP
   49 00000060 E49DB004        POP              {r11}       ;destruyo fp
   50 00000064 E49DF004        POP              {pc}        ;retorno
                       
              00000000 
              00000000 
Command Line: --debug --xref --apcs=interwork --depend=suma.d -osuma.o -I"C:\Pr
ogram Files\ARM\INC" -I"C:\Program Files\ARM\INC\Philips" --predefine="__EVAL S
ETA 1" --list=suma.lst suma.s



ARM Macro Assembler    Page 1 Alphabetic symbol ordering
Relocatable symbols

T 00000000

Symbol: T
   Definitions
      At line 3 in file suma.s
   Uses
      At line 9 in file suma.s
Comment: T used once
datos 00000000

Symbol: datos
   Definitions
      At line 1 in file suma.s
   Uses
      None
Comment: datos unused
stotal 0000002C

Symbol: stotal
   Definitions
      At line 4 in file suma.s
   Uses
      At line 20 in file suma.s
Comment: stotal used once
3 symbols



ARM Macro Assembler    Page 1 Alphabetic symbol ordering
Relocatable symbols

buc 00000044

Symbol: buc
   Definitions
      At line 41 in file suma.s
   Uses
      At line 45 in file suma.s
Comment: buc used once
codigo 00000000

Symbol: codigo
   Definitions
      At line 6 in file suma.s
   Uses
      None
Comment: codigo unused
fin 00000024

Symbol: fin
   Definitions
      At line 23 in file suma.s
   Uses
      At line 23 in file suma.s
Comment: fin used once
suma 00000028

Symbol: suma
   Definitions
      At line 26 in file suma.s
   Uses
      At line 15 in file suma.s
Comment: suma used once
4 symbols



ARM Macro Assembler    Page 1 Alphabetic symbol ordering
Absolute symbols

N 0000000B

Symbol: N
   Definitions
      At line 2 in file suma.s
   Uses
      At line 10 in file suma.s
Comment: N used once
1 symbol
334 symbols in table
